<?xml version="1.0" encoding="UTF-8"?>
<!-- Generated by org.testng.reporters.JUnitReportReporter -->
<testsuite skipped="0" hostname="user-PC" name="org.testngprogram.TestNG5" tests="1" failures="0" timestamp="04 Dec 2020 02:14:03 GMT" time="0.796" errors="0">
  <testcase name="test" time="0.796" classname="org.testngprogram.TestNG5"/>
</testsuite> <!-- org.testngprogram.TestNG5 -->
