<?xml version="1.0" encoding="UTF-8"?>
<!-- Generated by org.testng.reporters.JUnitReportReporter -->
<testsuite skipped="0" hostname="user-PC" name="org.testngprogram.TestNG3" tests="1" failures="0" timestamp="04 Dec 2020 02:28:49 GMT" time="1.273" errors="0">
  <testcase name="test" time="1.273" classname="org.testngprogram.TestNG3"/>
</testsuite> <!-- org.testngprogram.TestNG3 -->
