<?xml version="1.0" encoding="UTF-8"?>
<!-- Generated by org.testng.reporters.JUnitReportReporter -->
<testsuite skipped="0" hostname="user-PC" name="org.testngprogram.TestNG4" tests="1" failures="0" timestamp="04 Dec 2020 02:28:49 GMT" time="0.010" errors="0">
  <testcase name="test" time="0.010" classname="org.testngprogram.TestNG4"/>
</testsuite> <!-- org.testngprogram.TestNG4 -->
